INFO 2020-10-26 18:34:16,580 输入用户名
INFO 2020-10-26 18:34:16,708 输入密码
INFO 2020-10-26 18:34:16,810 点击登录
INFO 2020-10-26 18:34:17,894 切换Frame
INFO 2020-10-26 18:34:17,937 点击客户信息
INFO 2020-10-26 18:34:18,044 切换Frame
INFO 2020-10-26 18:34:23,206 点击添加客户信息
INFO 2020-10-26 18:34:24,052 输入客户姓名
INFO 2020-10-26 18:34:24,321 输入客户出生年月日
INFO 2020-10-26 18:34:24,329 输入客户创建人
INFO 2020-10-26 18:34:24,401 输入客户email
INFO 2020-10-26 18:34:28,498 点击添加
INFO 2020-10-26 18:34:28,817 判断客户是否添加成功
INFO 2020-10-26 18:34:37,087 输入用户名
INFO 2020-10-26 18:34:37,197 输入密码
INFO 2020-10-26 18:34:37,283 点击登录
INFO 2020-10-26 18:34:37,729 切换Frame
INFO 2020-10-26 18:34:38,768 点击客户信息
INFO 2020-10-26 18:34:38,992 切换Frame
INFO 2020-10-26 18:34:44,075 点击编辑客户信息
INFO 2020-10-26 18:34:44,885 清空和输入客户手机号
INFO 2020-10-26 18:34:45,064 点击修改
INFO 2020-10-26 18:34:45,253 判断客户是否修改成功
INFO 2020-10-26 18:36:07,064 输入用户名
INFO 2020-10-26 18:36:07,128 输入密码
INFO 2020-10-26 18:36:07,238 点击登录
INFO 2020-10-26 18:36:07,298 判断是否登录成功
INFO 2020-10-26 18:36:15,432 输入用户名
INFO 2020-10-26 18:36:15,542 输入密码
INFO 2020-10-26 18:36:15,638 点击登录
INFO 2020-10-26 18:36:15,838 判断是否登录成功
INFO 2020-10-26 18:36:24,387 输入用户名
INFO 2020-10-26 18:36:24,481 输入密码
INFO 2020-10-26 18:36:24,562 点击登录
INFO 2020-10-26 18:36:24,621 判断是否登录成功
INFO 2020-10-26 18:36:32,735 输入用户名
INFO 2020-10-26 18:36:32,856 输入密码
INFO 2020-10-26 18:36:32,930 点击登录
INFO 2020-10-26 18:36:32,999 判断是否登录成功
INFO 2020-10-26 18:36:41,219 输入用户名
INFO 2020-10-26 18:36:41,328 输入密码
INFO 2020-10-26 18:36:41,426 点击登录
INFO 2020-10-26 18:36:41,946 判断是否登录成功
