INFO 2020-10-29 09:45:01,543 输入用户名
INFO 2020-10-29 09:45:01,639 输入密码
INFO 2020-10-29 09:45:01,712 点击登录
INFO 2020-10-29 09:45:03,057 切换Frame
INFO 2020-10-29 09:45:03,125 点击客户信息
INFO 2020-10-29 09:45:03,225 切换Frame
INFO 2020-10-29 09:45:08,349 点击添加客户信息
INFO 2020-10-29 09:45:08,919 输入客户姓名
INFO 2020-10-29 09:45:08,994 输入客户出生年月日
INFO 2020-10-29 09:45:09,005 输入客户创建人
INFO 2020-10-29 09:45:09,078 输入客户email
INFO 2020-10-29 09:45:13,165 点击添加
INFO 2020-10-29 09:45:13,362 判断客户是否添加成功
INFO 2020-10-29 09:45:21,691 输入用户名
INFO 2020-10-29 09:45:21,784 输入密码
INFO 2020-10-29 09:45:21,859 点击登录
INFO 2020-10-29 09:45:22,354 切换Frame
INFO 2020-10-29 09:45:23,401 点击客户信息
INFO 2020-10-29 09:45:23,535 切换Frame
INFO 2020-10-29 09:45:28,627 点击编辑客户信息
INFO 2020-10-29 09:45:29,205 清空和输入客户手机号
INFO 2020-10-29 09:45:29,345 点击修改
INFO 2020-10-29 09:45:29,525 判断客户是否修改成功
INFO 2020-10-29 10:35:55,614 输入用户名
INFO 2020-10-29 10:35:55,699 输入密码
INFO 2020-10-29 10:35:55,778 点击登录
INFO 2020-10-29 10:35:57,001 切换Frame
INFO 2020-10-29 10:35:57,067 点击客户信息
INFO 2020-10-29 10:35:57,173 切换Frame
INFO 2020-10-29 10:36:02,247 点击添加客户信息
INFO 2020-10-29 10:36:02,751 输入客户姓名
INFO 2020-10-29 10:36:02,829 输入客户出生年月日
INFO 2020-10-29 10:36:02,836 输入客户创建人
INFO 2020-10-29 10:36:02,909 输入客户email
INFO 2020-10-29 10:36:06,996 点击添加
INFO 2020-10-29 10:36:07,232 判断客户是否添加成功
INFO 2020-10-29 10:36:15,193 输入用户名
INFO 2020-10-29 10:36:15,274 输入密码
INFO 2020-10-29 10:36:15,351 点击登录
INFO 2020-10-29 10:36:15,871 切换Frame
INFO 2020-10-29 10:36:16,917 点击客户信息
INFO 2020-10-29 10:36:17,037 切换Frame
INFO 2020-10-29 10:36:22,135 点击编辑客户信息
INFO 2020-10-29 10:36:23,163 清空和输入客户手机号
INFO 2020-10-29 10:36:23,317 点击修改
INFO 2020-10-29 10:36:23,483 判断客户是否修改成功
INFO 2020-10-29 10:45:24,460 输入用户名
INFO 2020-10-29 10:45:24,539 输入密码
INFO 2020-10-29 10:45:24,620 点击登录
INFO 2020-10-29 10:45:25,678 切换Frame
INFO 2020-10-29 10:45:25,746 点击客户信息
INFO 2020-10-29 10:45:25,854 切换Frame
INFO 2020-10-29 10:45:30,955 点击添加客户信息
INFO 2020-10-29 10:45:31,488 输入客户姓名
INFO 2020-10-29 10:45:31,560 输入客户出生年月日
INFO 2020-10-29 10:45:31,567 输入客户创建人
INFO 2020-10-29 10:45:31,639 输入客户email
INFO 2020-10-29 10:45:35,721 点击添加
INFO 2020-10-29 10:45:35,946 判断客户是否添加成功
INFO 2020-10-29 10:45:43,941 输入用户名
INFO 2020-10-29 10:45:44,026 输入密码
INFO 2020-10-29 10:45:44,106 点击登录
INFO 2020-10-29 10:45:44,586 切换Frame
INFO 2020-10-29 10:45:45,638 点击客户信息
INFO 2020-10-29 10:45:45,762 切换Frame
INFO 2020-10-29 10:45:50,877 点击编辑客户信息
INFO 2020-10-29 10:45:51,575 清空和输入客户手机号
INFO 2020-10-29 10:45:51,702 点击修改
INFO 2020-10-29 10:45:51,894 判断客户是否修改成功
INFO 2020-10-29 10:56:00,749 输入用户名
INFO 2020-10-29 10:56:00,830 输入密码
INFO 2020-10-29 10:56:00,905 点击登录
INFO 2020-10-29 10:56:02,646 切换Frame
INFO 2020-10-29 10:56:02,722 点击客户信息
INFO 2020-10-29 10:56:02,826 切换Frame
INFO 2020-10-29 10:56:07,880 点击添加客户信息
INFO 2020-10-29 10:56:08,420 输入客户姓名
INFO 2020-10-29 10:56:08,492 输入客户出生年月日
INFO 2020-10-29 10:56:08,499 输入客户创建人
INFO 2020-10-29 10:56:08,570 输入客户email
INFO 2020-10-29 10:56:12,655 点击添加
INFO 2020-10-29 10:56:12,839 判断客户是否添加成功
INFO 2020-10-29 10:56:20,841 输入用户名
INFO 2020-10-29 10:56:20,925 输入密码
INFO 2020-10-29 10:56:21,005 点击登录
INFO 2020-10-29 10:56:21,494 切换Frame
INFO 2020-10-29 10:56:22,537 点击客户信息
INFO 2020-10-29 10:56:22,660 切换Frame
INFO 2020-10-29 10:56:27,732 点击编辑客户信息
INFO 2020-10-29 10:56:28,226 清空和输入客户手机号
INFO 2020-10-29 10:56:28,443 点击修改
INFO 2020-10-29 10:56:28,749 判断客户是否修改成功
INFO 2020-10-29 11:29:36,623 输入用户名
INFO 2020-10-29 11:29:36,714 输入密码
INFO 2020-10-29 11:29:36,798 点击登录
INFO 2020-10-29 11:29:38,286 切换Frame
INFO 2020-10-29 11:29:38,346 点击客户信息
INFO 2020-10-29 11:29:38,464 切换Frame
INFO 2020-10-29 11:29:43,554 点击添加客户信息
INFO 2020-10-29 11:29:44,033 输入客户姓名
INFO 2020-10-29 11:29:44,111 输入客户出生年月日
INFO 2020-10-29 11:29:44,119 输入客户创建人
INFO 2020-10-29 11:29:44,192 输入客户email
INFO 2020-10-29 11:29:48,277 点击添加
INFO 2020-10-29 11:29:48,460 判断客户是否添加成功
INFO 2020-10-29 11:29:56,983 输入用户名
INFO 2020-10-29 11:29:57,071 输入密码
INFO 2020-10-29 11:29:57,153 点击登录
INFO 2020-10-29 11:29:57,882 切换Frame
INFO 2020-10-29 11:29:58,929 点击客户信息
INFO 2020-10-29 11:29:59,056 切换Frame
INFO 2020-10-29 11:30:04,137 点击编辑客户信息
INFO 2020-10-29 11:30:04,910 清空和输入客户手机号
INFO 2020-10-29 11:30:05,035 点击修改
INFO 2020-10-29 11:30:05,254 判断客户是否修改成功
INFO 2020-10-29 16:26:25,088 输入用户名
INFO 2020-10-29 16:26:25,199 输入密码
INFO 2020-10-29 16:26:25,312 点击登录
INFO 2020-10-29 16:26:26,727 切换Frame
INFO 2020-10-29 16:26:26,782 点击客户信息
INFO 2020-10-29 16:26:26,938 切换Frame
INFO 2020-10-29 16:26:31,997 点击添加客户信息
INFO 2020-10-29 16:26:32,579 输入客户姓名
INFO 2020-10-29 16:26:32,655 输入客户出生年月日
INFO 2020-10-29 16:26:32,664 输入客户创建人
INFO 2020-10-29 16:26:32,741 输入客户email
INFO 2020-10-29 16:26:36,844 点击添加
INFO 2020-10-29 16:26:37,056 判断客户是否添加成功
INFO 2020-10-29 16:26:45,607 输入用户名
INFO 2020-10-29 16:26:45,693 输入密码
INFO 2020-10-29 16:26:45,774 点击登录
INFO 2020-10-29 16:26:46,414 切换Frame
INFO 2020-10-29 16:26:47,456 点击客户信息
INFO 2020-10-29 16:26:47,591 切换Frame
INFO 2020-10-29 16:26:52,664 点击编辑客户信息
INFO 2020-10-29 16:26:53,213 清空和输入客户手机号
INFO 2020-10-29 16:26:53,343 点击修改
INFO 2020-10-29 16:26:53,536 判断客户是否修改成功
INFO 2020-10-29 16:43:10,097 输入用户名
INFO 2020-10-29 16:43:10,257 输入密码
INFO 2020-10-29 16:43:10,350 点击登录
INFO 2020-10-29 16:43:11,513 切换Frame
INFO 2020-10-29 16:43:11,559 点击客户信息
INFO 2020-10-29 16:43:11,682 切换Frame
INFO 2020-10-29 16:43:16,761 点击添加客户信息
INFO 2020-10-29 16:43:17,539 输入客户姓名
INFO 2020-10-29 16:43:17,633 输入客户出生年月日
INFO 2020-10-29 16:43:17,644 输入客户创建人
INFO 2020-10-29 16:43:17,720 输入客户email
INFO 2020-10-29 16:43:21,889 点击添加
INFO 2020-10-29 16:43:22,117 判断客户是否添加成功
INFO 2020-10-29 16:43:30,892 输入用户名
INFO 2020-10-29 16:43:31,020 输入密码
INFO 2020-10-29 16:43:31,116 点击登录
INFO 2020-10-29 16:43:31,600 切换Frame
INFO 2020-10-29 16:43:32,643 点击客户信息
INFO 2020-10-29 16:43:32,761 切换Frame
INFO 2020-10-29 16:43:37,860 点击编辑客户信息
INFO 2020-10-29 16:43:38,417 清空和输入客户手机号
INFO 2020-10-29 16:43:38,637 点击修改
INFO 2020-10-29 16:43:38,845 判断客户是否修改成功
INFO 2020-10-29 16:44:48,090 输入用户名
INFO 2020-10-29 16:44:48,205 输入密码
INFO 2020-10-29 16:44:48,319 点击登录
INFO 2020-10-29 16:44:49,567 切换Frame
INFO 2020-10-29 16:44:49,619 点击客户信息
INFO 2020-10-29 16:44:49,741 切换Frame
INFO 2020-10-29 16:44:54,796 点击添加客户信息
INFO 2020-10-29 16:44:55,560 输入客户姓名
INFO 2020-10-29 16:44:55,715 输入客户出生年月日
INFO 2020-10-29 16:44:55,739 输入客户创建人
INFO 2020-10-29 16:44:55,919 输入客户email
INFO 2020-10-29 16:45:00,090 点击添加
INFO 2020-10-29 16:45:00,332 判断客户是否添加成功
INFO 2020-10-29 16:45:08,746 输入用户名
INFO 2020-10-29 16:45:08,860 输入密码
INFO 2020-10-29 16:45:08,963 点击登录
INFO 2020-10-29 16:45:09,658 切换Frame
INFO 2020-10-29 16:45:10,704 点击客户信息
INFO 2020-10-29 16:45:10,829 切换Frame
INFO 2020-10-29 16:45:15,910 点击编辑客户信息
INFO 2020-10-29 16:45:16,540 清空和输入客户手机号
INFO 2020-10-29 16:45:16,731 点击修改
INFO 2020-10-29 16:45:16,928 判断客户是否修改成功
