INFO 2020-10-28 11:46:36,807 输入用户名
INFO 2020-10-28 11:46:36,936 输入密码
INFO 2020-10-28 11:46:37,047 点击登录
INFO 2020-10-28 11:46:38,752 切换Frame
INFO 2020-10-28 11:46:38,792 点击客户信息
INFO 2020-10-28 11:46:38,918 切换Frame
INFO 2020-10-28 11:46:44,032 点击添加客户信息
INFO 2020-10-28 11:46:44,717 输入客户姓名
INFO 2020-10-28 11:46:44,815 输入客户出生年月日
INFO 2020-10-28 11:46:44,824 输入客户创建人
INFO 2020-10-28 11:46:44,906 输入客户email
INFO 2020-10-28 11:46:49,022 点击添加
INFO 2020-10-28 15:19:50,012 输入用户名
INFO 2020-10-28 15:19:50,121 输入密码
INFO 2020-10-28 15:19:50,215 点击登录
INFO 2020-10-28 15:19:59,615 输入用户名
INFO 2020-10-28 15:19:59,732 输入密码
INFO 2020-10-28 15:19:59,827 点击登录
INFO 2020-10-28 15:20:00,535 切换Frame
INFO 2020-10-28 15:20:01,589 点击客户信息
INFO 2020-10-28 15:20:01,749 切换Frame
INFO 2020-10-28 15:20:06,818 点击编辑客户信息
INFO 2020-10-28 15:20:16,055 清空和输入客户手机号
INFO 2020-10-28 15:20:16,244 点击修改
INFO 2020-10-28 15:20:16,524 判断客户是否修改成功
INFO 2020-10-28 15:21:35,651 输入用户名
INFO 2020-10-28 15:21:35,788 输入密码
INFO 2020-10-28 15:21:35,894 点击登录
INFO 2020-10-28 15:21:37,313 切换Frame
INFO 2020-10-28 15:21:37,360 点击客户信息
INFO 2020-10-28 15:21:37,484 切换Frame
INFO 2020-10-28 15:21:42,564 点击添加客户信息
INFO 2020-10-28 15:21:43,724 输入客户姓名
INFO 2020-10-28 15:21:43,829 输入客户出生年月日
INFO 2020-10-28 15:21:43,839 输入客户创建人
INFO 2020-10-28 15:21:43,920 输入客户email
INFO 2020-10-28 15:21:48,045 点击添加
INFO 2020-10-28 15:22:34,345 输入用户名
INFO 2020-10-28 15:22:34,473 输入密码
INFO 2020-10-28 15:22:34,585 点击登录
INFO 2020-10-28 15:22:45,453 输入用户名
INFO 2020-10-28 15:22:45,574 输入密码
INFO 2020-10-28 15:22:45,675 点击登录
INFO 2020-10-28 15:22:47,873 切换Frame
INFO 2020-10-28 15:22:48,919 点击客户信息
INFO 2020-10-28 15:22:49,066 切换Frame
INFO 2020-10-28 15:22:54,153 点击编辑客户信息
INFO 2020-10-28 15:22:54,996 清空和输入客户手机号
INFO 2020-10-28 15:22:55,192 点击修改
INFO 2020-10-28 15:22:55,406 判断客户是否修改成功
INFO 2020-10-28 15:24:34,599 输入用户名
INFO 2020-10-28 15:24:34,723 输入密码
INFO 2020-10-28 15:24:34,818 点击登录
INFO 2020-10-28 15:27:51,086 输入用户名
INFO 2020-10-28 15:27:51,195 输入密码
INFO 2020-10-28 15:27:51,295 点击登录
INFO 2020-10-28 15:30:51,010 输入用户名
INFO 2020-10-28 15:30:56,058 输入密码
INFO 2020-10-28 15:31:01,129 点击登录
INFO 2020-10-28 15:31:20,806 输入用户名
INFO 2020-10-28 15:31:25,847 输入密码
INFO 2020-10-28 15:31:30,913 点击登录
INFO 2020-10-28 15:33:51,468 输入用户名
INFO 2020-10-28 15:33:51,593 输入密码
INFO 2020-10-28 15:33:51,705 点击登录
INFO 2020-10-28 15:35:02,021 输入用户名
INFO 2020-10-28 15:35:07,041 输入密码
INFO 2020-10-28 15:35:09,297 点击登录
INFO 2020-10-28 15:35:10,088 切换Frame
INFO 2020-10-28 15:46:30,216 输入用户名
INFO 2020-10-28 15:46:30,340 输入密码
INFO 2020-10-28 15:46:30,439 点击登录
INFO 2020-10-28 15:46:34,321 切换Frame
INFO 2020-10-28 15:46:34,372 点击客户信息
INFO 2020-10-28 15:46:34,512 切换Frame
INFO 2020-10-28 15:46:39,607 点击添加客户信息
INFO 2020-10-28 15:46:40,267 输入客户姓名
INFO 2020-10-28 15:46:40,379 输入客户出生年月日
INFO 2020-10-28 15:46:40,386 输入客户创建人
INFO 2020-10-28 15:46:40,481 输入客户email
INFO 2020-10-28 15:46:44,599 点击添加
INFO 2020-10-28 15:46:44,880 判断客户是否添加成功
INFO 2020-10-28 15:56:30,792 输入用户名
INFO 2020-10-28 15:56:30,924 输入密码
INFO 2020-10-28 15:56:31,044 点击登录
INFO 2020-10-28 15:56:32,457 切换Frame
INFO 2020-10-28 15:56:32,502 点击客户信息
INFO 2020-10-28 15:56:32,631 切换Frame
INFO 2020-10-28 15:56:37,705 点击添加客户信息
INFO 2020-10-28 15:56:38,631 输入客户姓名
INFO 2020-10-28 15:56:38,749 输入客户出生年月日
INFO 2020-10-28 15:56:38,757 输入客户创建人
INFO 2020-10-28 15:56:38,867 输入客户email
INFO 2020-10-28 15:56:42,990 点击添加
INFO 2020-10-28 15:56:43,329 判断客户是否添加成功
INFO 2020-10-28 15:56:52,523 输入用户名
INFO 2020-10-28 15:56:52,644 输入密码
INFO 2020-10-28 15:56:52,745 点击登录
INFO 2020-10-28 15:56:53,462 切换Frame
INFO 2020-10-28 15:56:54,527 点击客户信息
INFO 2020-10-28 15:56:54,670 切换Frame
INFO 2020-10-28 15:56:59,719 点击编辑客户信息
INFO 2020-10-28 15:57:00,537 清空和输入客户手机号
INFO 2020-10-28 15:57:00,743 点击修改
INFO 2020-10-28 15:57:01,139 判断客户是否修改成功
INFO 2020-10-28 16:22:56,281 输入用户名
INFO 2020-10-28 16:22:56,405 输入密码
INFO 2020-10-28 16:22:56,517 点击登录
INFO 2020-10-28 16:22:57,683 切换Frame
INFO 2020-10-28 16:22:57,727 点击客户信息
INFO 2020-10-28 16:22:57,865 切换Frame
INFO 2020-10-28 16:23:02,937 点击添加客户信息
INFO 2020-10-28 16:23:03,600 输入客户姓名
INFO 2020-10-28 16:23:03,709 输入客户出生年月日
INFO 2020-10-28 16:23:03,719 输入客户创建人
INFO 2020-10-28 16:23:03,799 输入客户email
INFO 2020-10-28 16:23:07,913 点击添加
INFO 2020-10-28 16:23:08,138 判断客户是否添加成功
INFO 2020-10-28 16:23:16,768 输入用户名
INFO 2020-10-28 16:23:16,933 输入密码
INFO 2020-10-28 16:23:17,036 点击登录
INFO 2020-10-28 16:23:17,558 切换Frame
INFO 2020-10-28 16:23:18,606 点击客户信息
INFO 2020-10-28 16:23:18,744 切换Frame
INFO 2020-10-28 16:23:23,858 点击编辑客户信息
INFO 2020-10-28 16:23:24,917 清空和输入客户手机号
INFO 2020-10-28 16:23:25,078 点击修改
INFO 2020-10-28 16:23:25,452 判断客户是否修改成功
INFO 2020-10-28 16:32:42,511 输入用户名
INFO 2020-10-28 16:32:42,645 输入密码
INFO 2020-10-28 16:32:42,758 点击登录
INFO 2020-10-28 16:32:43,380 切换Frame
INFO 2020-10-28 16:32:44,425 点击客户信息
INFO 2020-10-28 16:32:44,564 切换Frame
INFO 2020-10-28 16:32:49,640 点击编辑客户信息
INFO 2020-10-28 16:32:50,416 清空和输入客户手机号
INFO 2020-10-28 16:32:50,605 点击修改
INFO 2020-10-28 16:32:50,830 判断客户是否修改成功
INFO 2020-10-28 16:38:45,633 输入用户名
INFO 2020-10-28 16:38:45,765 输入密码
INFO 2020-10-28 16:38:45,868 点击登录
INFO 2020-10-28 16:38:46,431 切换Frame
INFO 2020-10-28 16:38:47,482 点击客户信息
INFO 2020-10-28 16:38:47,599 切换Frame
INFO 2020-10-28 16:38:52,676 点击编辑客户信息
INFO 2020-10-28 16:38:53,388 清空和输入客户手机号
INFO 2020-10-28 16:38:53,602 点击修改
INFO 2020-10-28 16:38:53,799 判断客户是否修改成功
INFO 2020-10-28 16:49:18,409 输入用户名
INFO 2020-10-28 16:49:18,537 输入密码
INFO 2020-10-28 16:49:18,633 点击登录
INFO 2020-10-28 16:49:19,159 切换Frame
INFO 2020-10-28 16:49:20,207 点击客户信息
INFO 2020-10-28 16:49:20,335 切换Frame
INFO 2020-10-28 16:49:25,417 点击编辑客户信息
INFO 2020-10-28 16:49:26,289 清空和输入客户手机号
INFO 2020-10-28 16:49:26,499 点击修改
INFO 2020-10-28 16:49:26,766 判断客户是否修改成功
INFO 2020-10-28 16:49:53,789 输入用户名
INFO 2020-10-28 16:49:53,940 输入密码
INFO 2020-10-28 16:49:54,048 点击登录
INFO 2020-10-28 16:49:54,597 切换Frame
INFO 2020-10-28 16:49:55,644 点击客户信息
INFO 2020-10-28 16:49:55,781 切换Frame
INFO 2020-10-28 16:50:00,865 点击编辑客户信息
INFO 2020-10-28 16:50:01,741 清空和输入客户手机号
INFO 2020-10-28 16:50:01,969 点击修改
INFO 2020-10-28 16:50:02,309 判断客户是否修改成功
INFO 2020-10-28 16:50:30,561 输入用户名
INFO 2020-10-28 16:50:30,689 输入密码
INFO 2020-10-28 16:50:30,804 点击登录
INFO 2020-10-28 16:50:33,777 切换Frame
INFO 2020-10-28 16:50:33,823 点击客户信息
INFO 2020-10-28 16:50:33,946 切换Frame
INFO 2020-10-28 16:50:38,997 点击添加客户信息
INFO 2020-10-28 16:50:40,638 输入客户姓名
INFO 2020-10-28 16:50:40,760 输入客户出生年月日
INFO 2020-10-28 16:50:40,770 输入客户创建人
INFO 2020-10-28 16:50:40,846 输入客户email
INFO 2020-10-28 16:50:44,967 点击添加
INFO 2020-10-28 16:50:45,180 判断客户是否添加成功
INFO 2020-10-28 16:50:53,647 输入用户名
INFO 2020-10-28 16:50:53,773 输入密码
INFO 2020-10-28 16:50:53,887 点击登录
INFO 2020-10-28 16:50:54,448 切换Frame
INFO 2020-10-28 16:50:55,493 点击客户信息
INFO 2020-10-28 16:50:55,611 切换Frame
INFO 2020-10-28 16:51:00,706 点击编辑客户信息
INFO 2020-10-28 16:51:01,539 清空和输入客户手机号
INFO 2020-10-28 16:51:01,763 点击修改
INFO 2020-10-28 16:51:02,051 判断客户是否修改成功
INFO 2020-10-28 17:15:04,787 输入用户名
INFO 2020-10-28 17:15:04,873 输入密码
INFO 2020-10-28 17:15:04,947 点击登录
INFO 2020-10-28 17:15:06,229 切换Frame
INFO 2020-10-28 17:15:06,297 点击客户信息
INFO 2020-10-28 17:15:06,400 切换Frame
INFO 2020-10-28 17:15:11,497 点击添加客户信息
INFO 2020-10-28 17:15:12,084 输入客户姓名
INFO 2020-10-28 17:15:12,180 输入客户出生年月日
INFO 2020-10-28 17:15:12,190 输入客户创建人
INFO 2020-10-28 17:15:12,292 输入客户email
INFO 2020-10-28 17:15:16,406 点击添加
INFO 2020-10-28 17:15:16,597 判断客户是否添加成功
INFO 2020-10-28 17:15:24,623 输入用户名
INFO 2020-10-28 17:15:24,718 输入密码
INFO 2020-10-28 17:15:24,801 点击登录
INFO 2020-10-28 17:15:25,277 切换Frame
INFO 2020-10-28 17:15:26,323 点击客户信息
INFO 2020-10-28 17:15:26,437 切换Frame
INFO 2020-10-28 17:15:31,513 点击编辑客户信息
INFO 2020-10-28 17:15:32,094 清空和输入客户手机号
INFO 2020-10-28 17:15:32,227 点击修改
INFO 2020-10-28 17:15:32,418 判断客户是否修改成功
INFO 2020-10-28 17:16:22,226 输入用户名
INFO 2020-10-28 17:16:22,312 输入密码
INFO 2020-10-28 17:16:22,386 点击登录
INFO 2020-10-28 17:16:23,333 切换Frame
INFO 2020-10-28 17:16:23,383 点击客户信息
INFO 2020-10-28 17:16:23,493 切换Frame
INFO 2020-10-28 17:16:28,575 点击添加客户信息
INFO 2020-10-28 17:16:29,112 输入客户姓名
INFO 2020-10-28 17:16:29,183 输入客户出生年月日
INFO 2020-10-28 17:16:29,190 输入客户创建人
INFO 2020-10-28 17:16:29,259 输入客户email
INFO 2020-10-28 17:16:33,350 点击添加
INFO 2020-10-28 17:16:33,549 判断客户是否添加成功
INFO 2020-10-28 17:16:41,529 输入用户名
INFO 2020-10-28 17:16:41,610 输入密码
INFO 2020-10-28 17:16:41,685 点击登录
INFO 2020-10-28 17:16:42,199 切换Frame
INFO 2020-10-28 17:16:43,253 点击客户信息
INFO 2020-10-28 17:16:43,395 切换Frame
INFO 2020-10-28 17:16:48,497 点击编辑客户信息
INFO 2020-10-28 17:16:49,063 清空和输入客户手机号
INFO 2020-10-28 17:16:49,215 点击修改
INFO 2020-10-28 17:16:49,413 判断客户是否修改成功
INFO 2020-10-28 17:23:58,586 输入用户名
INFO 2020-10-28 17:23:58,669 输入密码
INFO 2020-10-28 17:23:58,748 点击登录
INFO 2020-10-28 17:23:59,669 切换Frame
INFO 2020-10-28 17:23:59,716 点击客户信息
INFO 2020-10-28 17:23:59,826 切换Frame
INFO 2020-10-28 17:24:04,922 点击添加客户信息
INFO 2020-10-28 17:24:05,697 输入客户姓名
INFO 2020-10-28 17:24:05,771 输入客户出生年月日
INFO 2020-10-28 17:24:05,778 输入客户创建人
INFO 2020-10-28 17:24:05,851 输入客户email
INFO 2020-10-28 17:24:09,940 点击添加
INFO 2020-10-28 17:24:10,155 判断客户是否添加成功
INFO 2020-10-28 17:24:18,198 输入用户名
INFO 2020-10-28 17:24:18,283 输入密码
INFO 2020-10-28 17:24:18,361 点击登录
INFO 2020-10-28 17:24:18,837 切换Frame
INFO 2020-10-28 17:24:19,875 点击客户信息
INFO 2020-10-28 17:24:19,989 切换Frame
INFO 2020-10-28 17:24:25,055 点击编辑客户信息
INFO 2020-10-28 17:24:25,604 清空和输入客户手机号
INFO 2020-10-28 17:24:25,734 点击修改
INFO 2020-10-28 17:24:25,911 判断客户是否修改成功
INFO 2020-10-28 19:36:31,077 输入用户名
INFO 2020-10-28 19:36:31,177 输入密码
INFO 2020-10-28 19:36:31,255 点击登录
INFO 2020-10-28 19:36:32,347 切换Frame
INFO 2020-10-28 19:36:32,435 点击客户信息
INFO 2020-10-28 19:36:32,588 切换Frame
INFO 2020-10-28 19:36:37,715 点击添加客户信息
INFO 2020-10-28 19:36:38,392 输入客户姓名
INFO 2020-10-28 19:36:38,473 输入客户出生年月日
INFO 2020-10-28 19:36:38,481 输入客户创建人
INFO 2020-10-28 19:36:38,562 输入客户email
INFO 2020-10-28 19:36:42,647 点击添加
INFO 2020-10-28 19:36:42,846 判断客户是否添加成功
INFO 2020-10-28 19:36:50,868 输入用户名
INFO 2020-10-28 19:36:50,955 输入密码
INFO 2020-10-28 19:36:51,033 点击登录
INFO 2020-10-28 19:36:51,499 切换Frame
INFO 2020-10-28 19:36:52,559 点击客户信息
INFO 2020-10-28 19:36:52,702 切换Frame
INFO 2020-10-28 19:36:57,838 点击编辑客户信息
INFO 2020-10-28 19:36:58,460 清空和输入客户手机号
INFO 2020-10-28 19:36:58,593 点击修改
INFO 2020-10-28 19:36:58,760 判断客户是否修改成功
